<?xml version="1.0" encoding="UTF-8"?>
<!-- Generated by org.testng.reporters.JUnitReportReporter -->
<testsuite hostname="ViveksMacBookPro.local" failures="0" tests="2" name="HomeTest.HomeTest" time="11.978" errors="0" timestamp="2022-12-06T17:38:23 MYT" skipped="0">
  <testcase classname="HomeTest.HomeTest" name="careerPageNavigation" time="7.037"/>
  <system-out/>
  <testcase classname="HomeTest.HomeTest" name="careerPlacesValidation" time="4.941"/>
  <system-out/>
</testsuite> <!-- HomeTest.HomeTest -->
